<?xml version="1.0" encoding="UTF-8"?>
<testsuites>
    <testsuite name="force.apex" timestamp="2025-08-25T09:04:51.000Z" hostname="https://tonygward-sf-gmail-dev-ed.my.salesforce.com" tests="24" failures="1"  errors="0"  time="5.41">
        <properties>
            <property name="outcome" value="Failed"/>
            <property name="testsRan" value="24"/>
            <property name="passing" value="23"/>
            <property name="failing" value="1"/>
            <property name="skipped" value="0"/>
            <property name="passRate" value="96%"/>
            <property name="failRate" value="4%"/>
            <property name="testStartTime" value="Mon Aug 25 2025 10:04:51 AM"/>
            <property name="testSetupTimeInMs" value="0"/>
            <property name="testExecutionTime" value="5.41 s"/>
            <property name="testTotalTime" value="5.41 s"/>
            <property name="commandTime" value="0.16 s"/>
            <property name="hostname" value="https://tonygward-sf-gmail-dev-ed.my.salesforce.com"/>
            <property name="orgId" value="00D4K000000CqxoUAC"/>
            <property name="username" value="tonygward.salesforce@gmail.com"/>
            <property name="testRunId" value="707J900001geWMk"/>
            <property name="userId" value="0054K000000Dkd1QAC"/>
            <property name="coveredLines" value="189"/>
            <property name="testRunCoverage" value="94%"/>
            <property name="orgWideCoverage" value="64%"/>
        </properties>
        <testcase name="recordManuallyShared" classname="JobSharingTests" time="0.91">
        </testcase>
        <testcase name="apiCalled" classname="SelfShuntTests" time="0.01">
        </testcase>
        <testcase name="testGetPagedPropertyList" classname="TestPropertyController" time="1.33">
        </testcase>
        <testcase name="testGetPicturesNoResults" classname="TestPropertyController" time="0.03">
        </testcase>
        <testcase name="testGetPicturesWithResults" classname="TestPropertyController" time="0.43">
        </testcase>
        <testcase name="defaultsToZero" classname="StringKataTests" time="0.01">
        </testcase>
        <testcase name="returnsSingleNumber" classname="StringKataTests" time="0.00">
        </testcase>
        <testcase name="getFormattedDateStubProvider" classname="DateFormatterTests" time="0.02">
        </testcase>
        <testcase name="getFormattedDateStubProviderCleaner" classname="DateFormatterTests" time="0.00">
        </testcase>
        <testcase name="testCallout" classname="ContinuationControllerTests" time="0.03">
        </testcase>
        <testcase name="blankAddress" classname="GeocodingServiceTest" time="0.02">
        </testcase>
        <testcase name="errorResponse" classname="GeocodingServiceTest" time="0.00">
        </testcase>
        <testcase name="successResponse" classname="GeocodingServiceTest" time="0.00">
        </testcase>
        <testcase name="createFileFailsWhenIncorrectBase64Data" classname="FileUtilitiesTest" time="0.10">
        </testcase>
        <testcase name="createFileFailsWhenIncorrectFilename" classname="FileUtilitiesTest" time="0.02">
        </testcase>
        <testcase name="createFileFailsWhenIncorrectRecordId" classname="FileUtilitiesTest" time="0.35">
        </testcase>
        <testcase name="createFileSucceedsWhenCorrectInput" classname="FileUtilitiesTest" time="0.25">
        </testcase>
        <testcase name="testIterableForLoop" classname="MyIterableTest" time="0.01">
        </testcase>
        <testcase name="test_All" classname="POV_ControllerTest" time="1.25">
        </testcase>
        <testcase name="testName" classname="HelloWorldTest" time="0.01">
            <failure message="System.AssertException: Assertion Failed: Assertion failed: failing unit test"><![CDATA[External entry point
Class.HelloWorldTest.testName: line 11, column 1]]></failure>
        </testcase>
        <testcase name="testSayHello" classname="HelloWorldTest" time="0.01">
        </testcase>
        <testcase name="importSampleData" classname="TestSampleDataController" time="0.43">
        </testcase>
        <testcase name="getAccounts" classname="AccountControllerTests" time="0.15">
        </testcase>
        <testcase name="returnsNumber" classname="FizzBuzzTests" time="0.01">
        </testcase>
    </testsuite>
</testsuites>
